Using pre-set license
Built from '2020.2/release' branch; Version is '2020.2.0f1 (3721df5a8b28) revision 3613151'; Using compiler version '192528614'; Build Type 'Release'
OS: 'Windows 10  (10.0.0) 64bit' Language: 'nl' Physical Memory: 16204 MB
BatchMode: 1, IsHumanControllingUs: 0, StartBugReporterOnCrash: 0, Is64bit: 1, IsPro: 0

 COMMAND LINE ARGUMENTS:
C:\Program Files\Unity\Hub\Editor\2020.2.0f1\Editor\Unity.exe
-adb2
-batchMode
-noUpm
-name
AssetImportWorker0
-projectPath
C:/Users/Stef Martens/Documents/School 2020-2021/Semester 1/MixedReality/VRExperience/360/360 spere
-logFile
Logs/AssetImportWorker0.log
-srvPort
50868
Successfully changed project path to: C:/Users/Stef Martens/Documents/School 2020-2021/Semester 1/MixedReality/VRExperience/360/360 spere
C:/Users/Stef Martens/Documents/School 2020-2021/Semester 1/MixedReality/VRExperience/360/360 spere
Using Asset Import Pipeline V2.
Refreshing native plugins compatible for Editor in 51.00 ms, found 9 plugins.
Preloading 2 native plugins for Editor in 1.87 ms.
Initialize engine version: 2020.2.0f1 (3721df5a8b28)
[Subsystems] Discovering subsystems at path C:/Program Files/Unity/Hub/Editor/2020.2.0f1/Editor/Data/Resources/UnitySubsystems
[Subsystems] Discovering subsystems at path C:/Users/Stef Martens/Documents/School 2020-2021/Semester 1/MixedReality/VRExperience/360/360 spere/Assets
GfxDevice: creating device client; threaded=0
Direct3D:
    Version:  Direct3D 11.0 [level 11.1]
    Renderer: NVIDIA GeForce GTX 1050 (ID=0x1c8d)
    Vendor:   
    VRAM:     4019 MB
    Driver:   24.21.13.9872
Initialize mono
Mono path[0] = 'C:/Program Files/Unity/Hub/Editor/2020.2.0f1/Editor/Data/Managed'
Mono path[1] = 'C:/Program Files/Unity/Hub/Editor/2020.2.0f1/Editor/Data/MonoBleedingEdge/lib/mono/unityjit'
Mono config path = 'C:/Program Files/Unity/Hub/Editor/2020.2.0f1/Editor/Data/MonoBleedingEdge/etc'
Using monoOptions --debugger-agent=transport=dt_socket,embedding=1,server=y,suspend=n,address=127.0.0.1:56436
Begin MonoManager ReloadAssembly
Registering precompiled unity dll's ...
Register platform support module: C:/Program Files/Unity/Hub/Editor/2020.2.0f1/Editor/Data/PlaybackEngines/WebGLSupport/UnityEditor.WebGL.Extensions.dll
Register platform support module: C:/Program Files/Unity/Hub/Editor/2020.2.0f1/Editor/Data/PlaybackEngines/MacStandaloneSupport/UnityEditor.OSXStandalone.Extensions.dll
Register platform support module: C:/Program Files/Unity/Hub/Editor/2020.2.0f1/Editor/Data/PlaybackEngines/WindowsStandaloneSupport/UnityEditor.WindowsStandalone.Extensions.dll
Register platform support module: C:/Program Files/Unity/Hub/Editor/2020.2.0f1/Editor/Data/PlaybackEngines/LinuxStandaloneSupport/UnityEditor.LinuxStandalone.Extensions.dll
Register platform support module: C:/Program Files/Unity/Hub/Editor/2020.2.0f1/Editor/Data/PlaybackEngines/LuminSupport/UnityEditor.Lumin.Extensions.dll
Registered in 0.003278 seconds.
Native extension for Lumin target not found
Native extension for LinuxStandalone target not found
Native extension for WindowsStandalone target not found
Native extension for OSXStandalone target not found
Native extension for WebGL target not found
Refreshing native plugins compatible for Editor in 30.01 ms, found 9 plugins.
Preloading 2 native plugins for Editor in 0.13 ms.
Invoked RoslynAnalysisRunner static constructor.
RoslynAnalysisRunner will not be running.
RoslynAnalysisRunner has terminated.
Mono: successfully reloaded assembly
- Completed reload, in  1.182 seconds
Platform modules already initialized, skipping
Registering precompiled user dll's ...
Registered in 0.004999 seconds.
Begin MonoManager ReloadAssembly
Native extension for Lumin target not found
Native extension for LinuxStandalone target not found
Native extension for WindowsStandalone target not found
Native extension for OSXStandalone target not found
Native extension for WebGL target not found
Refreshing native plugins compatible for Editor in 0.47 ms, found 9 plugins.
Preloading 2 native plugins for Editor in 0.14 ms.
Invoked RoslynAnalysisRunner static constructor.
RoslynAnalysisRunner will not be running.
RoslynAnalysisRunner has terminated.
[XR] OculusXRPlugin: registering subsystems
[XR] Unable to register display lifecyle provider: [1]
[XR] Oculus Input lifecycle provider registered.
[XR] Unable to register input lifecyle provider: [1]
NullReferenceException: Object reference not set to an instance of an object
  at Unity.XR.Oculus.OculusLoader.AssetPathToAbsolutePath (System.String assetPath) [0x00048] in C:\Users\Stef Martens\Documents\School 2020-2021\Semester 1\MixedReality\VRExperience\360\360 spere\Library\PackageCache\com.unity.xr.oculus@1.6.1\Runtime\OculusLoader.cs:242 
  at Unity.XR.Oculus.OculusLoader.EditorLoadOVRPlugin () [0x0007b] in C:\Users\Stef Martens\Documents\School 2020-2021\Semester 1\MixedReality\VRExperience\360\360 spere\Library\PackageCache\com.unity.xr.oculus@1.6.1\Runtime\OculusLoader.cs:227 

(Filename: Library/PackageCache/com.unity.xr.oculus@1.6.1/Runtime/OculusLoader.cs Line: 242)

Mono: successfully reloaded assembly
- Completed reload, in  0.815 seconds
Platform modules already initialized, skipping
========================================================================
Worker process is ready to serve import requests
Launched and connected shader compiler UnityShaderCompiler.exe after 0.05 seconds
Refreshing native plugins compatible for Editor in 0.53 ms, found 9 plugins.
Preloading 2 native plugins for Editor in 0.13 ms.
Unloading 1403 Unused Serialized files (Serialized files now loaded: 0)
System memory in use before: 67.3 MB.
System memory in use after: 67.3 MB.

Unloading 13 unused Assets to reduce memory usage. Loaded Objects now: 1844.
Total: 2.838400 ms (FindLiveObjects: 0.206900 ms CreateObjectMapping: 0.067000 ms MarkObjects: 2.495600 ms  DeleteObjects: 0.067200 ms)

========================================================================
Received Import Request.
  path: Assets/Video/360 Video_ Relaxing walk in the forest.mp4
  artifactKey: Guid(0df0137b2b4fec04ea98fda1152238fa) Importer(815301076,1909f56bfc062723c751e8b465ee728b)
Start importing Assets/Video/360 Video_ Relaxing walk in the forest.mp4 using Guid(0df0137b2b4fec04ea98fda1152238fa) Importer(815301076,1909f56bfc062723c751e8b465ee728b)  -> (artifact id: '2ae2765824386c6f8cd7332f26dfebd2') in 0.046732 seconds
  Import took 0.049629 seconds .

========================================================================
Received Import Request.
  Time since last request: 0.000354 seconds.
  path: Assets/Video/360 BIRTHDAY PARTY.mp4
  artifactKey: Guid(8daef0e6230ee894a9c0dc6978151ea3) Importer(815301076,1909f56bfc062723c751e8b465ee728b)
Start importing Assets/Video/360 BIRTHDAY PARTY.mp4 using Guid(8daef0e6230ee894a9c0dc6978151ea3) Importer(815301076,1909f56bfc062723c751e8b465ee728b)  -> (artifact id: '73ab9ca3bb43e9786801e439fba02962') in 0.005987 seconds
  Import took 0.008435 seconds .

========================================================================
Received Import Request.
  Time since last request: 60.121591 seconds.
  path: Assets/Video/VID_20201120_130105_00_005(1) 1.mp4
  artifactKey: Guid(2b36d84811444de47ad4b4cc88d370f4) Importer(815301076,1909f56bfc062723c751e8b465ee728b)
Start importing Assets/Video/VID_20201120_130105_00_005(1) 1.mp4 using Guid(2b36d84811444de47ad4b4cc88d370f4) Importer(815301076,1909f56bfc062723c751e8b465ee728b)  -> (artifact id: 'ed842afee802d3cfd0ad122d7a688cad') in 0.006564 seconds
  Import took 0.011369 seconds .

========================================================================
Received Import Request.
  Time since last request: 54.197010 seconds.
  path: Assets/Video/VID_20201120_130105_00_005(1) 2.mp4
  artifactKey: Guid(bcfcdcf9193033248a3037236a2facda) Importer(815301076,1909f56bfc062723c751e8b465ee728b)
Start importing Assets/Video/VID_20201120_130105_00_005(1) 2.mp4 using Guid(bcfcdcf9193033248a3037236a2facda) Importer(815301076,1909f56bfc062723c751e8b465ee728b)  -> (artifact id: 'b6a4d4d2e3290eb79207b960a108495d') in 0.006614 seconds
  Import took 0.010866 seconds .

========================================================================
Received Prepare
Registering precompiled user dll's ...
Registered in 0.013981 seconds.
Begin MonoManager ReloadAssembly
Native extension for Lumin target not found
Native extension for LinuxStandalone target not found
Native extension for WindowsStandalone target not found
Native extension for OSXStandalone target not found
Native extension for WebGL target not found
Refreshing native plugins compatible for Editor in 0.64 ms, found 9 plugins.
Preloading 2 native plugins for Editor in 0.18 ms.
Invoked RoslynAnalysisRunner static constructor.
RoslynAnalysisRunner will not be running.
RoslynAnalysisRunner has terminated.
NullReferenceException: Object reference not set to an instance of an object
  at Unity.XR.Oculus.OculusLoader.AssetPathToAbsolutePath (System.String assetPath) [0x00048] in C:\Users\Stef Martens\Documents\School 2020-2021\Semester 1\MixedReality\VRExperience\360\360 spere\Library\PackageCache\com.unity.xr.oculus@1.6.1\Runtime\OculusLoader.cs:242 
  at Unity.XR.Oculus.OculusLoader.EditorLoadOVRPlugin () [0x0007b] in C:\Users\Stef Martens\Documents\School 2020-2021\Semester 1\MixedReality\VRExperience\360\360 spere\Library\PackageCache\com.unity.xr.oculus@1.6.1\Runtime\OculusLoader.cs:227 

(Filename: Library/PackageCache/com.unity.xr.oculus@1.6.1/Runtime/OculusLoader.cs Line: 242)

Mono: successfully reloaded assembly
- Completed reload, in  1.306 seconds
Platform modules already initialized, skipping
Refreshing native plugins compatible for Editor in 0.82 ms, found 9 plugins.
Preloading 2 native plugins for Editor in 0.26 ms.
Unloading 1359 Unused Serialized files (Serialized files now loaded: 0)
System memory in use before: 66.1 MB.
System memory in use after: 66.2 MB.

Unloading 8 unused Assets to reduce memory usage. Loaded Objects now: 1847.
Total: 2.677600 ms (FindLiveObjects: 0.175700 ms CreateObjectMapping: 0.051700 ms MarkObjects: 2.370900 ms  DeleteObjects: 0.077100 ms)

========================================================================
Received Prepare
Registering precompiled user dll's ...
Registered in 0.016200 seconds.
Begin MonoManager ReloadAssembly
Native extension for Lumin target not found
Native extension for LinuxStandalone target not found
Native extension for WindowsStandalone target not found
Native extension for OSXStandalone target not found
Native extension for WebGL target not found
Refreshing native plugins compatible for Editor in 2.07 ms, found 9 plugins.
Preloading 2 native plugins for Editor in 0.26 ms.
Invoked RoslynAnalysisRunner static constructor.
RoslynAnalysisRunner will not be running.
RoslynAnalysisRunner has terminated.
NullReferenceException: Object reference not set to an instance of an object
  at Unity.XR.Oculus.OculusLoader.AssetPathToAbsolutePath (System.String assetPath) [0x00048] in C:\Users\Stef Martens\Documents\School 2020-2021\Semester 1\MixedReality\VRExperience\360\360 spere\Library\PackageCache\com.unity.xr.oculus@1.6.1\Runtime\OculusLoader.cs:242 
  at Unity.XR.Oculus.OculusLoader.EditorLoadOVRPlugin () [0x0007b] in C:\Users\Stef Martens\Documents\School 2020-2021\Semester 1\MixedReality\VRExperience\360\360 spere\Library\PackageCache\com.unity.xr.oculus@1.6.1\Runtime\OculusLoader.cs:227 

(Filename: Library/PackageCache/com.unity.xr.oculus@1.6.1/Runtime/OculusLoader.cs Line: 242)

Mono: successfully reloaded assembly
- Completed reload, in  1.634 seconds
Platform modules already initialized, skipping
Refreshing native plugins compatible for Editor in 0.77 ms, found 9 plugins.
Preloading 2 native plugins for Editor in 0.23 ms.
Unloading 1359 Unused Serialized files (Serialized files now loaded: 0)
System memory in use before: 66.3 MB.
System memory in use after: 66.4 MB.

Unloading 8 unused Assets to reduce memory usage. Loaded Objects now: 1850.
Total: 2.111900 ms (FindLiveObjects: 0.171900 ms CreateObjectMapping: 0.049000 ms MarkObjects: 1.856000 ms  DeleteObjects: 0.033700 ms)

========================================================================
Received Prepare
Registering precompiled user dll's ...
Registered in 0.005365 seconds.
Begin MonoManager ReloadAssembly
Native extension for Lumin target not found
Native extension for LinuxStandalone target not found
Native extension for WindowsStandalone target not found
Native extension for OSXStandalone target not found
Native extension for WebGL target not found
Refreshing native plugins compatible for Editor in 0.54 ms, found 9 plugins.
Preloading 2 native plugins for Editor in 0.15 ms.
Invoked RoslynAnalysisRunner static constructor.
RoslynAnalysisRunner will not be running.
RoslynAnalysisRunner has terminated.
NullReferenceException: Object reference not set to an instance of an object
  at Unity.XR.Oculus.OculusLoader.AssetPathToAbsolutePath (System.String assetPath) [0x00048] in C:\Users\Stef Martens\Documents\School 2020-2021\Semester 1\MixedReality\VRExperience\360\360 spere\Library\PackageCache\com.unity.xr.oculus@1.6.1\Runtime\OculusLoader.cs:242 
  at Unity.XR.Oculus.OculusLoader.EditorLoadOVRPlugin () [0x0007b] in C:\Users\Stef Martens\Documents\School 2020-2021\Semester 1\MixedReality\VRExperience\360\360 spere\Library\PackageCache\com.unity.xr.oculus@1.6.1\Runtime\OculusLoader.cs:227 

(Filename: Library/PackageCache/com.unity.xr.oculus@1.6.1/Runtime/OculusLoader.cs Line: 242)

Mono: successfully reloaded assembly
- Completed reload, in  0.901 seconds
Platform modules already initialized, skipping
Refreshing native plugins compatible for Editor in 0.57 ms, found 9 plugins.
Preloading 2 native plugins for Editor in 0.14 ms.
Unloading 1363 Unused Serialized files (Serialized files now loaded: 0)
System memory in use before: 66.6 MB.
System memory in use after: 66.6 MB.

Unloading 8 unused Assets to reduce memory usage. Loaded Objects now: 1853.
Total: 2.187900 ms (FindLiveObjects: 0.359800 ms CreateObjectMapping: 0.107400 ms MarkObjects: 1.685500 ms  DeleteObjects: 0.033500 ms)

========================================================================
Received Prepare
Refreshing native plugins compatible for Editor in 2.89 ms, found 9 plugins.
Preloading 2 native plugins for Editor in 0.20 ms.
Unloading 8 Unused Serialized files (Serialized files now loaded: 0)
System memory in use before: 39.0 MB.
System memory in use after: 39.1 MB.

Unloading 5 unused Assets to reduce memory usage. Loaded Objects now: 1853.
Total: 2.421400 ms (FindLiveObjects: 0.172300 ms CreateObjectMapping: 0.044500 ms MarkObjects: 2.161800 ms  DeleteObjects: 0.041700 ms)

========================================================================
Received Prepare
Registering precompiled user dll's ...
Registered in 0.006324 seconds.
Begin MonoManager ReloadAssembly
Native extension for Lumin target not found
Native extension for LinuxStandalone target not found
Native extension for WindowsStandalone target not found
Native extension for OSXStandalone target not found
Native extension for WebGL target not found
Refreshing native plugins compatible for Editor in 0.59 ms, found 9 plugins.
Preloading 2 native plugins for Editor in 0.27 ms.
Invoked RoslynAnalysisRunner static constructor.
RoslynAnalysisRunner will not be running.
RoslynAnalysisRunner has terminated.
NullReferenceException: Object reference not set to an instance of an object
  at Unity.XR.Oculus.OculusLoader.AssetPathToAbsolutePath (System.String assetPath) [0x00048] in C:\Users\Stef Martens\Documents\School 2020-2021\Semester 1\MixedReality\VRExperience\360\360 spere\Library\PackageCache\com.unity.xr.oculus@1.6.1\Runtime\OculusLoader.cs:242 
  at Unity.XR.Oculus.OculusLoader.EditorLoadOVRPlugin () [0x0007b] in C:\Users\Stef Martens\Documents\School 2020-2021\Semester 1\MixedReality\VRExperience\360\360 spere\Library\PackageCache\com.unity.xr.oculus@1.6.1\Runtime\OculusLoader.cs:227 

(Filename: Library/PackageCache/com.unity.xr.oculus@1.6.1/Runtime/OculusLoader.cs Line: 242)

Mono: successfully reloaded assembly
- Completed reload, in  0.940 seconds
Platform modules already initialized, skipping
Refreshing native plugins compatible for Editor in 0.60 ms, found 9 plugins.
Preloading 2 native plugins for Editor in 0.17 ms.
Unloading 1362 Unused Serialized files (Serialized files now loaded: 0)
System memory in use before: 66.8 MB.
System memory in use after: 66.9 MB.

Unloading 8 unused Assets to reduce memory usage. Loaded Objects now: 1856.
Total: 4.459700 ms (FindLiveObjects: 0.311800 ms CreateObjectMapping: 0.145200 ms MarkObjects: 3.916900 ms  DeleteObjects: 0.084000 ms)

========================================================================
Received Prepare
Refreshing native plugins compatible for Editor in 2.93 ms, found 9 plugins.
Preloading 2 native plugins for Editor in 0.17 ms.
Unloading 5 Unused Serialized files (Serialized files now loaded: 0)
System memory in use before: 39.5 MB.
System memory in use after: 39.7 MB.

Unloading 5 unused Assets to reduce memory usage. Loaded Objects now: 1856.
Total: 2.503500 ms (FindLiveObjects: 0.207700 ms CreateObjectMapping: 0.046500 ms MarkObjects: 2.146400 ms  DeleteObjects: 0.099000 ms)

========================================================================
Received Prepare
Refreshing native plugins compatible for Editor in 1.82 ms, found 9 plugins.
Preloading 2 native plugins for Editor in 0.13 ms.
Unloading 5 Unused Serialized files (Serialized files now loaded: 0)
System memory in use before: 39.7 MB.
System memory in use after: 39.8 MB.

Unloading 5 unused Assets to reduce memory usage. Loaded Objects now: 1856.
Total: 12.433300 ms (FindLiveObjects: 0.821100 ms CreateObjectMapping: 0.105300 ms MarkObjects: 11.449700 ms  DeleteObjects: 0.053900 ms)

========================================================================
Received Prepare
Registering precompiled user dll's ...
Registered in 0.005720 seconds.
Begin MonoManager ReloadAssembly
Native extension for Lumin target not found
Native extension for LinuxStandalone target not found
Native extension for WindowsStandalone target not found
Native extension for OSXStandalone target not found
Native extension for WebGL target not found
Refreshing native plugins compatible for Editor in 0.53 ms, found 9 plugins.
Preloading 2 native plugins for Editor in 0.14 ms.
Invoked RoslynAnalysisRunner static constructor.
RoslynAnalysisRunner will not be running.
RoslynAnalysisRunner has terminated.
NullReferenceException: Object reference not set to an instance of an object
  at Unity.XR.Oculus.OculusLoader.AssetPathToAbsolutePath (System.String assetPath) [0x00048] in C:\Users\Stef Martens\Documents\School 2020-2021\Semester 1\MixedReality\VRExperience\360\360 spere\Library\PackageCache\com.unity.xr.oculus@1.6.1\Runtime\OculusLoader.cs:242 
  at Unity.XR.Oculus.OculusLoader.EditorLoadOVRPlugin () [0x0007b] in C:\Users\Stef Martens\Documents\School 2020-2021\Semester 1\MixedReality\VRExperience\360\360 spere\Library\PackageCache\com.unity.xr.oculus@1.6.1\Runtime\OculusLoader.cs:227 

(Filename: Library/PackageCache/com.unity.xr.oculus@1.6.1/Runtime/OculusLoader.cs Line: 242)

Mono: successfully reloaded assembly
- Completed reload, in  0.817 seconds
Platform modules already initialized, skipping
Refreshing native plugins compatible for Editor in 0.55 ms, found 9 plugins.
Preloading 2 native plugins for Editor in 0.14 ms.
Unloading 1359 Unused Serialized files (Serialized files now loaded: 0)
System memory in use before: 67.3 MB.
System memory in use after: 67.4 MB.

Unloading 8 unused Assets to reduce memory usage. Loaded Objects now: 1859.
Total: 2.447800 ms (FindLiveObjects: 0.201400 ms CreateObjectMapping: 0.219100 ms MarkObjects: 1.996500 ms  DeleteObjects: 0.029700 ms)

========================================================================
Received Prepare
Refreshing native plugins compatible for Editor in 1.93 ms, found 9 plugins.
Preloading 2 native plugins for Editor in 0.16 ms.
Unloading 5 Unused Serialized files (Serialized files now loaded: 0)
System memory in use before: 40.2 MB.
System memory in use after: 40.3 MB.

Unloading 5 unused Assets to reduce memory usage. Loaded Objects now: 1859.
Total: 2.784200 ms (FindLiveObjects: 0.265200 ms CreateObjectMapping: 0.096900 ms MarkObjects: 2.384300 ms  DeleteObjects: 0.035400 ms)

========================================================================
Received Prepare
Registering precompiled user dll's ...
Registered in 0.006900 seconds.
Begin MonoManager ReloadAssembly
Native extension for Lumin target not found
Native extension for LinuxStandalone target not found
Native extension for WindowsStandalone target not found
Native extension for OSXStandalone target not found
Native extension for WebGL target not found
Refreshing native plugins compatible for Editor in 0.50 ms, found 9 plugins.
Preloading 2 native plugins for Editor in 0.18 ms.
Invoked RoslynAnalysisRunner static constructor.
RoslynAnalysisRunner will not be running.
RoslynAnalysisRunner has terminated.
NullReferenceException: Object reference not set to an instance of an object
  at Unity.XR.Oculus.OculusLoader.AssetPathToAbsolutePath (System.String assetPath) [0x00048] in C:\Users\Stef Martens\Documents\School 2020-2021\Semester 1\MixedReality\VRExperience\360\360 spere\Library\PackageCache\com.unity.xr.oculus@1.6.1\Runtime\OculusLoader.cs:242 
  at Unity.XR.Oculus.OculusLoader.EditorLoadOVRPlugin () [0x0007b] in C:\Users\Stef Martens\Documents\School 2020-2021\Semester 1\MixedReality\VRExperience\360\360 spere\Library\PackageCache\com.unity.xr.oculus@1.6.1\Runtime\OculusLoader.cs:227 

(Filename: Library/PackageCache/com.unity.xr.oculus@1.6.1/Runtime/OculusLoader.cs Line: 242)

Mono: successfully reloaded assembly
- Completed reload, in  0.808 seconds
Platform modules already initialized, skipping
Refreshing native plugins compatible for Editor in 0.49 ms, found 9 plugins.
Preloading 2 native plugins for Editor in 0.14 ms.
Unloading 1359 Unused Serialized files (Serialized files now loaded: 0)
System memory in use before: 67.7 MB.
System memory in use after: 67.8 MB.

Unloading 8 unused Assets to reduce memory usage. Loaded Objects now: 1862.
Total: 2.193500 ms (FindLiveObjects: 0.230900 ms CreateObjectMapping: 0.048700 ms MarkObjects: 1.877400 ms  DeleteObjects: 0.034800 ms)

========================================================================
Received Prepare
Registering precompiled user dll's ...
Registered in 0.006165 seconds.
Begin MonoManager ReloadAssembly
Native extension for Lumin target not found
Native extension for LinuxStandalone target not found
Native extension for WindowsStandalone target not found
Native extension for OSXStandalone target not found
Native extension for WebGL target not found
Refreshing native plugins compatible for Editor in 0.50 ms, found 9 plugins.
Preloading 2 native plugins for Editor in 0.15 ms.
Invoked RoslynAnalysisRunner static constructor.
RoslynAnalysisRunner will not be running.
RoslynAnalysisRunner has terminated.
NullReferenceException: Object reference not set to an instance of an object
  at Unity.XR.Oculus.OculusLoader.AssetPathToAbsolutePath (System.String assetPath) [0x00048] in C:\Users\Stef Martens\Documents\School 2020-2021\Semester 1\MixedReality\VRExperience\360\360 spere\Library\PackageCache\com.unity.xr.oculus@1.6.1\Runtime\OculusLoader.cs:242 
  at Unity.XR.Oculus.OculusLoader.EditorLoadOVRPlugin () [0x0007b] in C:\Users\Stef Martens\Documents\School 2020-2021\Semester 1\MixedReality\VRExperience\360\360 spere\Library\PackageCache\com.unity.xr.oculus@1.6.1\Runtime\OculusLoader.cs:227 

(Filename: Library/PackageCache/com.unity.xr.oculus@1.6.1/Runtime/OculusLoader.cs Line: 242)

Mono: successfully reloaded assembly
- Completed reload, in  0.938 seconds
Platform modules already initialized, skipping
Refreshing native plugins compatible for Editor in 0.54 ms, found 9 plugins.
Preloading 2 native plugins for Editor in 0.15 ms.
Unloading 1360 Unused Serialized files (Serialized files now loaded: 0)
System memory in use before: 67.9 MB.
System memory in use after: 68.0 MB.

Unloading 8 unused Assets to reduce memory usage. Loaded Objects now: 1866.
Total: 1.771100 ms (FindLiveObjects: 0.162300 ms CreateObjectMapping: 0.053600 ms MarkObjects: 1.524900 ms  DeleteObjects: 0.029300 ms)

========================================================================
Received Prepare
Registering precompiled user dll's ...
Registered in 0.005457 seconds.
Begin MonoManager ReloadAssembly
Native extension for Lumin target not found
Native extension for LinuxStandalone target not found
Native extension for WindowsStandalone target not found
Native extension for OSXStandalone target not found
Native extension for WebGL target not found
Refreshing native plugins compatible for Editor in 0.60 ms, found 9 plugins.
Preloading 2 native plugins for Editor in 0.17 ms.
Invoked RoslynAnalysisRunner static constructor.
RoslynAnalysisRunner will not be running.
RoslynAnalysisRunner has terminated.
NullReferenceException: Object reference not set to an instance of an object
  at Unity.XR.Oculus.OculusLoader.AssetPathToAbsolutePath (System.String assetPath) [0x00048] in C:\Users\Stef Martens\Documents\School 2020-2021\Semester 1\MixedReality\VRExperience\360\360 spere\Library\PackageCache\com.unity.xr.oculus@1.6.1\Runtime\OculusLoader.cs:242 
  at Unity.XR.Oculus.OculusLoader.EditorLoadOVRPlugin () [0x0007b] in C:\Users\Stef Martens\Documents\School 2020-2021\Semester 1\MixedReality\VRExperience\360\360 spere\Library\PackageCache\com.unity.xr.oculus@1.6.1\Runtime\OculusLoader.cs:227 

(Filename: Library/PackageCache/com.unity.xr.oculus@1.6.1/Runtime/OculusLoader.cs Line: 242)

Mono: successfully reloaded assembly
- Completed reload, in  0.882 seconds
Platform modules already initialized, skipping
Refreshing native plugins compatible for Editor in 0.53 ms, found 9 plugins.
Preloading 2 native plugins for Editor in 0.13 ms.
Unloading 1361 Unused Serialized files (Serialized files now loaded: 0)
System memory in use before: 68.0 MB.
System memory in use after: 68.1 MB.

Unloading 8 unused Assets to reduce memory usage. Loaded Objects now: 1870.
Total: 1.766100 ms (FindLiveObjects: 0.143300 ms CreateObjectMapping: 0.039700 ms MarkObjects: 1.555900 ms  DeleteObjects: 0.026400 ms)

========================================================================
Received Import Request.
  Time since last request: 2968.262414 seconds.
  path: Assets/Samples/XR Plugin Management/3.2.17/Example XR Management implementation
  artifactKey: Guid(bdf83385b7edd27428243677821f50f1) Importer(815301076,1909f56bfc062723c751e8b465ee728b)
Start importing Assets/Samples/XR Plugin Management/3.2.17/Example XR Management implementation using Guid(bdf83385b7edd27428243677821f50f1) Importer(815301076,1909f56bfc062723c751e8b465ee728b)  -> (artifact id: 'a5d27c7707471cc6e368a43b86921c34') in 0.014294 seconds
  Import took 0.018389 seconds .

========================================================================
Received Prepare
Registering precompiled user dll's ...
Registered in 0.005632 seconds.
Begin MonoManager ReloadAssembly
Native extension for Lumin target not found
Native extension for LinuxStandalone target not found
Native extension for WindowsStandalone target not found
Native extension for OSXStandalone target not found
Native extension for WebGL target not found
Refreshing native plugins compatible for Editor in 0.85 ms, found 9 plugins.
Preloading 2 native plugins for Editor in 0.19 ms.
Invoked RoslynAnalysisRunner static constructor.
RoslynAnalysisRunner will not be running.
RoslynAnalysisRunner has terminated.
NullReferenceException: Object reference not set to an instance of an object
  at Unity.XR.Oculus.OculusLoader.AssetPathToAbsolutePath (System.String assetPath) [0x00048] in C:\Users\Stef Martens\Documents\School 2020-2021\Semester 1\MixedReality\VRExperience\360\360 spere\Library\PackageCache\com.unity.xr.oculus@1.6.1\Runtime\OculusLoader.cs:242 
  at Unity.XR.Oculus.OculusLoader.EditorLoadOVRPlugin () [0x0007b] in C:\Users\Stef Martens\Documents\School 2020-2021\Semester 1\MixedReality\VRExperience\360\360 spere\Library\PackageCache\com.unity.xr.oculus@1.6.1\Runtime\OculusLoader.cs:227 

(Filename: Library/PackageCache/com.unity.xr.oculus@1.6.1/Runtime/OculusLoader.cs Line: 242)

Mono: successfully reloaded assembly
- Completed reload, in  0.874 seconds
Platform modules already initialized, skipping
Refreshing native plugins compatible for Editor in 0.49 ms, found 9 plugins.
Preloading 2 native plugins for Editor in 0.13 ms.
Unloading 1367 Unused Serialized files (Serialized files now loaded: 0)
System memory in use before: 67.5 MB.
System memory in use after: 67.6 MB.

Unloading 8 unused Assets to reduce memory usage. Loaded Objects now: 1879.
Total: 2.322200 ms (FindLiveObjects: 0.158900 ms CreateObjectMapping: 0.043900 ms MarkObjects: 2.091200 ms  DeleteObjects: 0.027500 ms)

========================================================================
Received Import Request.
  Time since last request: 55.557893 seconds.
  path: Assets/XR
  artifactKey: Guid(3a0f754c077b5a64ca0dfd3799799958) Importer(815301076,1909f56bfc062723c751e8b465ee728b)
Start importing Assets/XR using Guid(3a0f754c077b5a64ca0dfd3799799958) Importer(815301076,1909f56bfc062723c751e8b465ee728b)  -> (artifact id: 'd2d36e23a0c8bf6708a013f8a68a33f7') in 0.009042 seconds
  Import took 0.011727 seconds .

========================================================================
Received Import Request.
  Time since last request: 0.004024 seconds.
  path: Assets/XR/XRGeneralSettings.asset
  artifactKey: Guid(17f4b172a5bed634aa3c4a8e97429bc9) Importer(815301076,1909f56bfc062723c751e8b465ee728b)
Start importing Assets/XR/XRGeneralSettings.asset using Guid(17f4b172a5bed634aa3c4a8e97429bc9) Importer(815301076,1909f56bfc062723c751e8b465ee728b)  -> (artifact id: 'c1a3e5a3a7af1cf65d6bc3d5da6113aa') in 0.025202 seconds
  Import took 0.028155 seconds .

========================================================================
Received Import Request.
  Time since last request: 1.543813 seconds.
  path: Assets/XR/Loaders
  artifactKey: Guid(13990a79bc4c3e04bbf39f618d8e5f43) Importer(815301076,1909f56bfc062723c751e8b465ee728b)
Start importing Assets/XR/Loaders using Guid(13990a79bc4c3e04bbf39f618d8e5f43) Importer(815301076,1909f56bfc062723c751e8b465ee728b)  -> (artifact id: '3f569ea38ec2dcc050a49500c027c37a') in 0.008765 seconds
  Import took 0.011270 seconds .

========================================================================
Received Import Request.
  Time since last request: 0.165673 seconds.
  path: Assets/XR/Loaders/AR Core Loader.asset
  artifactKey: Guid(8dc56423672d1134b8e98a783a0693b8) Importer(815301076,1909f56bfc062723c751e8b465ee728b)
Start importing Assets/XR/Loaders/AR Core Loader.asset using Guid(8dc56423672d1134b8e98a783a0693b8) Importer(815301076,1909f56bfc062723c751e8b465ee728b)  -> (artifact id: '24c2d20f4a0a8d9c304314cedad5c0e9') in 0.007843 seconds
  Import took 0.010596 seconds .

========================================================================
Received Import Request.
  Time since last request: 0.000295 seconds.
  path: Assets/XR/Loaders/Oculus Loader.asset
  artifactKey: Guid(de0a0e5cf633dd441bea7509431fa711) Importer(815301076,1909f56bfc062723c751e8b465ee728b)
Start importing Assets/XR/Loaders/Oculus Loader.asset using Guid(de0a0e5cf633dd441bea7509431fa711) Importer(815301076,1909f56bfc062723c751e8b465ee728b)  -> (artifact id: '0d14dc2ec90a294a54011a08af744f25') in 0.006482 seconds
  Import took 0.008981 seconds .

========================================================================
Received Import Request.
  Time since last request: 0.000312 seconds.
  path: Assets/XR/Loaders/Windows MR Loader.asset
  artifactKey: Guid(2a1487a446623a14986bed9bfa67fe7b) Importer(815301076,1909f56bfc062723c751e8b465ee728b)
Start importing Assets/XR/Loaders/Windows MR Loader.asset using Guid(2a1487a446623a14986bed9bfa67fe7b) Importer(815301076,1909f56bfc062723c751e8b465ee728b)  -> (artifact id: '69da914ea39969bbd87aaa95bde84200') in 0.007882 seconds
  Import took 0.010020 seconds .

========================================================================
Received Import Request.
  Time since last request: 0.000249 seconds.
  path: Assets/XR/Loaders/Sample Loader.asset
  artifactKey: Guid(1922bd5ffee79fb4a9d9415314a557b7) Importer(815301076,1909f56bfc062723c751e8b465ee728b)
Start importing Assets/XR/Loaders/Sample Loader.asset using Guid(1922bd5ffee79fb4a9d9415314a557b7) Importer(815301076,1909f56bfc062723c751e8b465ee728b)  -> (artifact id: 'e7f4b6eff7a7655a2772e8523482383e') in 0.007366 seconds
  Import took 0.009601 seconds .

========================================================================
Received Import Request.
  Time since last request: 4.242336 seconds.
  path: Assets/XR/Settings
  artifactKey: Guid(784ee2812ded03346babed4c8753b4ea) Importer(815301076,1909f56bfc062723c751e8b465ee728b)
Start importing Assets/XR/Settings using Guid(784ee2812ded03346babed4c8753b4ea) Importer(815301076,1909f56bfc062723c751e8b465ee728b)  -> (artifact id: 'ec4830a702b20fcef4e4b9d70a91f29f') in 0.006470 seconds
  Import took 0.009015 seconds .

========================================================================
Received Import Request.
  Time since last request: 0.006793 seconds.
  path: Assets/XR/Settings/AR Core Loader Settings.asset
  artifactKey: Guid(3501a9473285f864da0d7b3090d56c88) Importer(815301076,1909f56bfc062723c751e8b465ee728b)
Start importing Assets/XR/Settings/AR Core Loader Settings.asset using Guid(3501a9473285f864da0d7b3090d56c88) Importer(815301076,1909f56bfc062723c751e8b465ee728b)  -> (artifact id: '434e2a071a1b7db9b0881953ca5dceeb') in 0.007714 seconds
  Import took 0.010127 seconds .

========================================================================
Received Import Request.
  Time since last request: 0.000251 seconds.
  path: Assets/XR/Settings/AR Core Settings.asset
  artifactKey: Guid(5eda1d97036279f40809a6bd8c2b0aed) Importer(815301076,1909f56bfc062723c751e8b465ee728b)
Start importing Assets/XR/Settings/AR Core Settings.asset using Guid(5eda1d97036279f40809a6bd8c2b0aed) Importer(815301076,1909f56bfc062723c751e8b465ee728b)  -> (artifact id: '3565b96cd2603f50537863f9ba008cd7') in 0.008903 seconds
  Import took 0.012948 seconds .

========================================================================
Received Import Request.
  Time since last request: 0.000246 seconds.
  path: Assets/XR/Settings/Windows MR Package Settings.asset
  artifactKey: Guid(d3e9834069702ee408a035549b48f160) Importer(815301076,1909f56bfc062723c751e8b465ee728b)
Start importing Assets/XR/Settings/Windows MR Package Settings.asset using Guid(d3e9834069702ee408a035549b48f160) Importer(815301076,1909f56bfc062723c751e8b465ee728b)  -> (artifact id: '7c31fd7e659a20d28b116f87bc73da03') in 0.010079 seconds
  Import took 0.013437 seconds .

========================================================================
Received Import Request.
  Time since last request: 0.000200 seconds.
  path: Assets/XR/Settings/AR Core Settings.asset
  artifactKey: Guid(5eda1d97036279f40809a6bd8c2b0aed) Importer(815301076,1909f56bfc062723c751e8b465ee728b)
Start importing Assets/XR/Settings/AR Core Settings.asset using Guid(5eda1d97036279f40809a6bd8c2b0aed) Importer(815301076,1909f56bfc062723c751e8b465ee728b)  -> (artifact id: '3565b96cd2603f50537863f9ba008cd7') in 0.002962 seconds
  Import took 0.005416 seconds .

========================================================================
Received Import Request.
  Time since last request: 0.000197 seconds.
  path: Assets/XR/Settings/Sample Settings.asset
  artifactKey: Guid(ce9a5cc7d88606a4f8cc075eb1191749) Importer(815301076,1909f56bfc062723c751e8b465ee728b)
Start importing Assets/XR/Settings/Sample Settings.asset using Guid(ce9a5cc7d88606a4f8cc075eb1191749) Importer(815301076,1909f56bfc062723c751e8b465ee728b)  -> (artifact id: '87ccd4375c03b89823de5471fb4d79c3') in 0.006975 seconds
  Import took 0.009379 seconds .

========================================================================
Received Import Request.
  Time since last request: 0.000226 seconds.
  path: Assets/XR/Settings/Oculus Settings.asset
  artifactKey: Guid(62ef9055b27ffb643b17b245f3cbe9f4) Importer(815301076,1909f56bfc062723c751e8b465ee728b)
Start importing Assets/XR/Settings/Oculus Settings.asset using Guid(62ef9055b27ffb643b17b245f3cbe9f4) Importer(815301076,1909f56bfc062723c751e8b465ee728b)  -> (artifact id: '0fd66e09543356af5d748d5349d8bd58') in 0.008110 seconds
  Import took 0.011058 seconds .

========================================================================
Received Import Request.
  Time since last request: 8.025996 seconds.
  path: Assets/XRInteractionManager.cs
  artifactKey: Guid(6a693209efc760a48a3e5ca9ae119985) Importer(815301076,1909f56bfc062723c751e8b465ee728b)
Start importing Assets/XRInteractionManager.cs using Guid(6a693209efc760a48a3e5ca9ae119985) Importer(815301076,1909f56bfc062723c751e8b465ee728b)  -> (artifact id: '485954f4672d4fb836c7b12327b4736f') in 0.018526 seconds
  Import took 0.020779 seconds .

========================================================================
Received Import Request.
  Time since last request: 0.008599 seconds.
  path: Assets/XRInteractionManager.cs
  artifactKey: Guid(6a693209efc760a48a3e5ca9ae119985) Importer(815301076,1909f56bfc062723c751e8b465ee728b)
Start importing Assets/XRInteractionManager.cs using Guid(6a693209efc760a48a3e5ca9ae119985) Importer(815301076,1909f56bfc062723c751e8b465ee728b)  -> (artifact id: '485954f4672d4fb836c7b12327b4736f') in 0.002994 seconds
  Import took 0.005742 seconds .

========================================================================
Received Prepare
Registering precompiled user dll's ...
Registered in 0.006195 seconds.
Begin MonoManager ReloadAssembly
Native extension for Lumin target not found
Native extension for LinuxStandalone target not found
Native extension for WindowsStandalone target not found
Native extension for OSXStandalone target not found
Native extension for WebGL target not found
Refreshing native plugins compatible for Editor in 0.78 ms, found 9 plugins.
Preloading 2 native plugins for Editor in 0.18 ms.
Invoked RoslynAnalysisRunner static constructor.
RoslynAnalysisRunner will not be running.
RoslynAnalysisRunner has terminated.
NullReferenceException: Object reference not set to an instance of an object
  at Unity.XR.Oculus.OculusLoader.AssetPathToAbsolutePath (System.String assetPath) [0x00048] in C:\Users\Stef Martens\Documents\School 2020-2021\Semester 1\MixedReality\VRExperience\360\360 spere\Library\PackageCache\com.unity.xr.oculus@1.6.1\Runtime\OculusLoader.cs:242 
  at Unity.XR.Oculus.OculusLoader.EditorLoadOVRPlugin () [0x0007b] in C:\Users\Stef Martens\Documents\School 2020-2021\Semester 1\MixedReality\VRExperience\360\360 spere\Library\PackageCache\com.unity.xr.oculus@1.6.1\Runtime\OculusLoader.cs:227 

(Filename: Library/PackageCache/com.unity.xr.oculus@1.6.1/Runtime/OculusLoader.cs Line: 242)

Mono: successfully reloaded assembly
- Completed reload, in  0.837 seconds
Platform modules already initialized, skipping
Refreshing native plugins compatible for Editor in 0.47 ms, found 9 plugins.
Preloading 2 native plugins for Editor in 0.13 ms.
Unloading 1366 Unused Serialized files (Serialized files now loaded: 0)
System memory in use before: 67.7 MB.
System memory in use after: 67.8 MB.

Unloading 9 unused Assets to reduce memory usage. Loaded Objects now: 1881.
Total: 1.848000 ms (FindLiveObjects: 0.161300 ms CreateObjectMapping: 0.044600 ms MarkObjects: 1.612200 ms  DeleteObjects: 0.028800 ms)

========================================================================
Received Prepare
Registering precompiled user dll's ...
Registered in 0.014327 seconds.
Begin MonoManager ReloadAssembly
Native extension for Lumin target not found
Native extension for LinuxStandalone target not found
Native extension for WindowsStandalone target not found
Native extension for OSXStandalone target not found
Native extension for WebGL target not found
Refreshing native plugins compatible for Editor in 1.16 ms, found 9 plugins.
Preloading 2 native plugins for Editor in 0.39 ms.
Invoked RoslynAnalysisRunner static constructor.
RoslynAnalysisRunner will not be running.
RoslynAnalysisRunner has terminated.
NullReferenceException: Object reference not set to an instance of an object
  at Unity.XR.Oculus.OculusLoader.AssetPathToAbsolutePath (System.String assetPath) [0x00048] in C:\Users\Stef Martens\Documents\School 2020-2021\Semester 1\MixedReality\VRExperience\360\360 spere\Library\PackageCache\com.unity.xr.oculus@1.6.1\Runtime\OculusLoader.cs:242 
  at Unity.XR.Oculus.OculusLoader.EditorLoadOVRPlugin () [0x0007b] in C:\Users\Stef Martens\Documents\School 2020-2021\Semester 1\MixedReality\VRExperience\360\360 spere\Library\PackageCache\com.unity.xr.oculus@1.6.1\Runtime\OculusLoader.cs:227 

(Filename: Library/PackageCache/com.unity.xr.oculus@1.6.1/Runtime/OculusLoader.cs Line: 242)

Mono: successfully reloaded assembly
- Completed reload, in  2.370 seconds
Platform modules already initialized, skipping
Refreshing native plugins compatible for Editor in 1.27 ms, found 9 plugins.
Preloading 2 native plugins for Editor in 0.38 ms.
Unloading 1366 Unused Serialized files (Serialized files now loaded: 0)
System memory in use before: 67.9 MB.
System memory in use after: 68.0 MB.

Unloading 8 unused Assets to reduce memory usage. Loaded Objects now: 1884.
Total: 4.102100 ms (FindLiveObjects: 0.343500 ms CreateObjectMapping: 0.114800 ms MarkObjects: 3.569600 ms  DeleteObjects: 0.070600 ms)

AssetImportWorkerClient::OnTransportError - code=2 error=End of file
